2025-07-31 10:38:30,452 INFO o.a.j.u.JMeterUtils: Setting Locale to en_EN
2025-07-31 10:38:30,515 INFO o.a.j.JMeter: Loading user properties from: user.properties
2025-07-31 10:38:30,546 INFO o.a.j.JMeter: Loading system properties from: system.properties
2025-07-31 10:38:30,562 INFO o.a.j.JMeter: Copyright (c) 1998-2024 The Apache Software Foundation
2025-07-31 10:38:30,562 INFO o.a.j.JMeter: Version 5.6.3
2025-07-31 10:38:30,562 INFO o.a.j.JMeter: java.version=1.8.0_421
2025-07-31 10:38:30,562 INFO o.a.j.JMeter: java.vm.name=Java HotSpot(TM) Client VM
2025-07-31 10:38:30,562 INFO o.a.j.JMeter: os.name=Windows 11
2025-07-31 10:38:30,562 INFO o.a.j.JMeter: os.arch=x86
2025-07-31 10:38:30,562 INFO o.a.j.JMeter: os.version=10.0
2025-07-31 10:38:30,562 INFO o.a.j.JMeter: file.encoding=Cp1252
2025-07-31 10:38:30,562 INFO o.a.j.JMeter: java.awt.headless=null
2025-07-31 10:38:30,562 INFO o.a.j.JMeter: Max memory     =1073741824
2025-07-31 10:38:30,562 INFO o.a.j.JMeter: Available Processors =2
2025-07-31 10:38:30,578 INFO o.a.j.JMeter: Default Locale=English (EN)
2025-07-31 10:38:30,578 INFO o.a.j.JMeter: JMeter  Locale=English (EN)
2025-07-31 10:38:30,578 INFO o.a.j.JMeter: JMeterHome=C:\a\desempenho-pcc\apache-jmeter-5.6.3\apache-jmeter-5.6.3
2025-07-31 10:38:30,578 INFO o.a.j.JMeter: user.dir  =C:\a\desempenho-pcc\apache-jmeter-5.6.3\apache-jmeter-5.6.3\bin
2025-07-31 10:38:30,578 INFO o.a.j.JMeter: PWD       =C:\a\desempenho-pcc\apache-jmeter-5.6.3\apache-jmeter-5.6.3\bin
2025-07-31 10:38:30,578 INFO o.a.j.JMeter: IP: 192.168.1.7 Name: Mirelle FullName: Mirelle
2025-07-31 10:38:30,624 INFO o.a.j.JMeter: Loaded icon properties from org/apache/jmeter/images/icon.properties
2025-07-31 10:38:31,171 INFO o.a.j.JMeterGuiLauncher: Setting LAF to: com.github.weisj.darklaf.DarkLaf:com.github.weisj.darklaf.theme.DarculaTheme
2025-07-31 10:38:34,203 INFO o.a.j.r.ClassFinder: Will scan jar C:\a\desempenho-pcc\apache-jmeter-5.6.3\apache-jmeter-5.6.3\lib\ext\jmeter-plugins-manager-1.11.jar with filter ExtendsClassFilter [parents=[interface org.apache.jmeter.gui.action.Command], inner=false, contains=null, notContains=null]. Consider exposing JMeter plugins via META-INF/services, and add JMeter-Skip-Class-Scanning=true manifest attribute so JMeter can skip classfile scanning
2025-07-31 10:38:34,562 INFO o.a.j.r.ClassFinder: Will scan jar C:\a\desempenho-pcc\apache-jmeter-5.6.3\apache-jmeter-5.6.3\lib\ext\jmeter-plugins-perfmon-2.1.jar with filter ExtendsClassFilter [parents=[interface org.apache.jmeter.gui.action.Command], inner=false, contains=null, notContains=null]. Consider exposing JMeter plugins via META-INF/services, and add JMeter-Skip-Class-Scanning=true manifest attribute so JMeter can skip classfile scanning
2025-07-31 10:38:34,749 INFO o.a.j.r.ClassFinder: Will scan jar C:\a\desempenho-pcc\apache-jmeter-5.6.3\apache-jmeter-5.6.3\lib\ext\jmeter-plugins-manager-1.11.jar with filter ExtendsClassFilter [parents=[interface org.apache.jmeter.gui.plugin.MenuCreator], inner=false, contains=null, notContains=null]. Consider exposing JMeter plugins via META-INF/services, and add JMeter-Skip-Class-Scanning=true manifest attribute so JMeter can skip classfile scanning
2025-07-31 10:38:34,765 INFO o.a.j.r.ClassFinder: Will scan jar C:\a\desempenho-pcc\apache-jmeter-5.6.3\apache-jmeter-5.6.3\lib\ext\jmeter-plugins-perfmon-2.1.jar with filter ExtendsClassFilter [parents=[interface org.apache.jmeter.gui.plugin.MenuCreator], inner=false, contains=null, notContains=null]. Consider exposing JMeter plugins via META-INF/services, and add JMeter-Skip-Class-Scanning=true manifest attribute so JMeter can skip classfile scanning
2025-07-31 10:38:35,546 INFO o.j.r.JARSourceHTTP: Requesting https://jmeter-plugins.org/repo/?installID=windows_11-4d96fccb3f4bdebac96daa476a00df9c-gui
2025-07-31 10:38:40,096 INFO o.j.r.PluginManager: Plugins Status: [jpgc-perfmon=2.1, jpgc-plugins-manager=1.11, jmeter-core=5.6.3, jmeter-ftp=5.6.3, jmeter-http=5.6.3, jmeter-jdbc=5.6.3, jmeter-jms=5.6.3, jmeter-junit=5.6.3, jmeter-java=5.6.3, jmeter-ldap=5.6.3, jmeter-mail=5.6.3, jmeter-mongodb=5.6.3, jmeter-native=5.6.3, jmeter-tcp=5.6.3, jmeter-components=5.6.3]
2025-07-31 10:39:05,676 INFO o.a.j.s.FileServer: Default base='C:\a\desempenho-pcc\apache-jmeter-5.6.3\apache-jmeter-5.6.3\bin'
2025-07-31 10:39:05,691 INFO o.a.j.g.a.Load: Loading file: C:\a\desempenho-pcc\imagens cpu e memoria\PerfMon Metrics Collector Nest.js.jmx
2025-07-31 10:39:05,691 INFO o.a.j.s.FileServer: Set new base='C:\a\desempenho-pcc\imagens cpu e memoria'
2025-07-31 10:39:06,019 INFO o.a.j.s.SaveService: Testplan (JMX) version: 2.2. Testlog (JTL) version: 2.2
2025-07-31 10:39:06,082 INFO o.a.j.s.SaveService: Using SaveService properties file encoding UTF-8
2025-07-31 10:39:06,082 INFO o.a.j.s.SaveService: Using SaveService properties version 5.0
2025-07-31 10:39:06,082 INFO o.a.j.s.SaveService: Loading file: C:\a\desempenho-pcc\imagens cpu e memoria\PerfMon Metrics Collector Nest.js.jmx
2025-07-31 10:39:06,332 INFO o.a.j.p.h.s.HTTPSamplerBase: Parser for text/html is org.apache.jmeter.protocol.http.parser.LagartoBasedHtmlParser
2025-07-31 10:39:06,332 INFO o.a.j.p.h.s.HTTPSamplerBase: Parser for application/xhtml+xml is org.apache.jmeter.protocol.http.parser.LagartoBasedHtmlParser
2025-07-31 10:39:06,332 INFO o.a.j.p.h.s.HTTPSamplerBase: Parser for application/xml is org.apache.jmeter.protocol.http.parser.LagartoBasedHtmlParser
2025-07-31 10:39:06,332 INFO o.a.j.p.h.s.HTTPSamplerBase: Parser for text/xml is org.apache.jmeter.protocol.http.parser.LagartoBasedHtmlParser
2025-07-31 10:39:06,332 INFO o.a.j.p.h.s.HTTPSamplerBase: Parser for text/vnd.wap.wml is org.apache.jmeter.protocol.http.parser.RegexpHTMLParser
2025-07-31 10:39:06,332 INFO o.a.j.p.h.s.HTTPSamplerBase: Parser for text/css is org.apache.jmeter.protocol.http.parser.CssParser
2025-07-31 10:39:06,941 INFO o.a.j.s.FileServer: Set new base='C:\a\desempenho-pcc\imagens cpu e memoria'
2025-07-31 10:44:00,641 INFO o.a.j.e.StandardJMeterEngine: Running the test!
2025-07-31 10:44:00,641 INFO o.a.j.s.SampleEvent: List of sample_variables: []
2025-07-31 10:44:00,641 INFO o.a.j.s.SampleEvent: List of sample_variables: []
2025-07-31 10:44:00,641 INFO o.a.j.e.u.CompoundVariable: Note: Function class names must contain the string: '.functions.'
2025-07-31 10:44:00,641 INFO o.a.j.e.u.CompoundVariable: Note: Function class names must not contain the string: '.gui.'
2025-07-31 10:44:01,500 INFO o.a.j.r.ClassFinder: Will scan jar C:\a\desempenho-pcc\apache-jmeter-5.6.3\apache-jmeter-5.6.3\lib\ext\jmeter-plugins-manager-1.11.jar with filter ExtendsClassFilter [parents=[interface org.apache.jmeter.functions.Function], inner=false, contains=null, notContains=null]. Consider exposing JMeter plugins via META-INF/services, and add JMeter-Skip-Class-Scanning=true manifest attribute so JMeter can skip classfile scanning
2025-07-31 10:44:01,516 INFO o.a.j.r.ClassFinder: Will scan jar C:\a\desempenho-pcc\apache-jmeter-5.6.3\apache-jmeter-5.6.3\lib\ext\jmeter-plugins-perfmon-2.1.jar with filter ExtendsClassFilter [parents=[interface org.apache.jmeter.functions.Function], inner=false, contains=null, notContains=null]. Consider exposing JMeter plugins via META-INF/services, and add JMeter-Skip-Class-Scanning=true manifest attribute so JMeter can skip classfile scanning
2025-07-31 10:44:01,531 INFO k.a.j.p.PerfMonCollector: PerfMon metrics will be stored in C:\Users\Mirell\AppData\Local\Temp\perfmon_9202007141732817722.jtl
2025-07-31 10:44:01,578 INFO o.a.j.g.u.JMeterMenuBar: setRunning(true, *local*)
2025-07-31 10:44:01,875 INFO o.a.j.e.StandardJMeterEngine: Starting ThreadGroup: 1 : Thread Group
2025-07-31 10:44:01,875 INFO o.a.j.e.StandardJMeterEngine: Starting 10 threads for group Thread Group.
2025-07-31 10:44:01,875 INFO o.a.j.e.StandardJMeterEngine: Thread will continue on error
2025-07-31 10:44:01,875 INFO o.a.j.t.ThreadGroup: Starting thread group... number=1 threads=10 ramp-up=0 delayedStart=false
2025-07-31 10:44:01,891 INFO o.a.j.t.ThreadGroup: Started thread group number 1
2025-07-31 10:44:01,891 INFO o.a.j.e.StandardJMeterEngine: All thread groups have been started
2025-07-31 10:44:01,906 INFO o.a.j.t.JMeterThread: Thread started: Thread Group 1-1
2025-07-31 10:44:01,906 INFO o.a.j.t.JMeterThread: Thread started: Thread Group 1-10
2025-07-31 10:44:01,906 INFO o.a.j.t.JMeterThread: Thread started: Thread Group 1-5
2025-07-31 10:44:01,938 INFO o.a.j.t.JMeterThread: Thread started: Thread Group 1-4
2025-07-31 10:44:01,938 INFO o.a.j.p.h.s.HTTPHCAbstractImpl: Local host = Mirelle
2025-07-31 10:44:01,938 INFO o.a.j.t.JMeterThread: Thread started: Thread Group 1-3
2025-07-31 10:44:01,938 INFO o.a.j.t.JMeterThread: Thread started: Thread Group 1-2
2025-07-31 10:44:01,953 INFO o.a.j.t.JMeterThread: Thread started: Thread Group 1-7
2025-07-31 10:44:01,953 INFO o.a.j.t.JMeterThread: Thread started: Thread Group 1-6
2025-07-31 10:44:01,953 INFO o.a.j.t.JMeterThread: Thread started: Thread Group 1-8
2025-07-31 10:44:01,969 INFO o.a.j.t.JMeterThread: Thread started: Thread Group 1-9
2025-07-31 10:44:01,969 INFO o.a.j.p.h.s.HTTPHC4Impl: HTTP request retry count = 0
2025-07-31 10:44:01,969 INFO o.a.j.s.SampleResult: Note: Sample TimeStamps are START times
2025-07-31 10:44:01,969 INFO o.a.j.s.SampleResult: sampleresult.default.encoding is set to UTF-8
2025-07-31 10:44:01,969 INFO o.a.j.s.SampleResult: sampleresult.useNanoTime=true
2025-07-31 10:44:01,969 INFO o.a.j.s.SampleResult: sampleresult.nanoThreadSleep=5000
2025-07-31 10:44:12,200 INFO o.a.j.t.JMeterThread: Thread is done: Thread Group 1-7
2025-07-31 10:44:12,200 INFO o.a.j.t.JMeterThread: Thread finished: Thread Group 1-7
2025-07-31 10:44:14,357 INFO o.a.j.t.JMeterThread: Thread is done: Thread Group 1-6
2025-07-31 10:44:14,357 INFO o.a.j.t.JMeterThread: Thread finished: Thread Group 1-6
2025-07-31 10:44:14,829 INFO o.a.j.t.JMeterThread: Thread is done: Thread Group 1-10
2025-07-31 10:44:14,829 INFO o.a.j.t.JMeterThread: Thread finished: Thread Group 1-10
2025-07-31 10:44:14,976 INFO o.a.j.t.JMeterThread: Thread is done: Thread Group 1-3
2025-07-31 10:44:14,976 INFO o.a.j.t.JMeterThread: Thread finished: Thread Group 1-3
2025-07-31 10:44:15,125 INFO o.a.j.t.JMeterThread: Thread is done: Thread Group 1-4
2025-07-31 10:44:15,125 INFO o.a.j.t.JMeterThread: Thread finished: Thread Group 1-4
2025-07-31 10:44:15,291 INFO o.a.j.t.JMeterThread: Thread is done: Thread Group 1-2
2025-07-31 10:44:15,291 INFO o.a.j.t.JMeterThread: Thread finished: Thread Group 1-2
2025-07-31 10:44:15,663 INFO o.a.j.t.JMeterThread: Thread is done: Thread Group 1-1
2025-07-31 10:44:15,663 INFO o.a.j.t.JMeterThread: Thread finished: Thread Group 1-1
2025-07-31 10:44:16,041 INFO o.a.j.t.JMeterThread: Thread is done: Thread Group 1-8
2025-07-31 10:44:16,041 INFO o.a.j.t.JMeterThread: Thread finished: Thread Group 1-8
2025-07-31 10:44:16,194 INFO o.a.j.t.JMeterThread: Thread is done: Thread Group 1-9
2025-07-31 10:44:16,194 INFO o.a.j.t.JMeterThread: Thread finished: Thread Group 1-9
2025-07-31 10:44:16,358 INFO o.a.j.t.JMeterThread: Thread is done: Thread Group 1-5
2025-07-31 10:44:16,358 INFO o.a.j.t.JMeterThread: Thread finished: Thread Group 1-5
2025-07-31 10:44:16,358 INFO o.a.j.e.StandardJMeterEngine: Notifying test listeners of end of test
2025-07-31 10:44:16,373 INFO o.a.j.g.u.JMeterMenuBar: setRunning(false, *local*)
2025-07-31 10:47:48,337 INFO o.a.j.s.FileServer: Set new base='C:\a\desempenho-pcc\imagens cpu e memoria'
2025-07-31 10:55:50,215 INFO o.a.j.e.StandardJMeterEngine: Running the test!
2025-07-31 10:55:50,216 INFO o.a.j.s.SampleEvent: List of sample_variables: []
2025-07-31 10:55:50,228 INFO k.a.j.p.PerfMonCollector: PerfMon metrics will be stored in C:\Users\Mirell\AppData\Local\Temp\perfmon_4444908031112201170.jtl
2025-07-31 10:55:50,264 INFO o.a.j.g.u.JMeterMenuBar: setRunning(true, *local*)
2025-07-31 10:55:51,061 INFO o.a.j.e.StandardJMeterEngine: Starting ThreadGroup: 1 : Thread Group
2025-07-31 10:55:51,062 INFO o.a.j.e.StandardJMeterEngine: Starting 10 threads for group Thread Group.
2025-07-31 10:55:51,062 INFO o.a.j.e.StandardJMeterEngine: Thread will continue on error
2025-07-31 10:55:51,062 INFO o.a.j.t.ThreadGroup: Starting thread group... number=1 threads=10 ramp-up=0 delayedStart=false
2025-07-31 10:55:51,070 INFO o.a.j.t.ThreadGroup: Started thread group number 1
2025-07-31 10:55:51,070 INFO o.a.j.e.StandardJMeterEngine: Starting ThreadGroup: 2 : Thread Group
2025-07-31 10:55:51,070 INFO o.a.j.e.StandardJMeterEngine: Starting 1 threads for group Thread Group.
2025-07-31 10:55:51,070 INFO o.a.j.e.StandardJMeterEngine: Thread will continue on error
2025-07-31 10:55:51,070 INFO o.a.j.t.ThreadGroup: Starting thread group... number=2 threads=1 ramp-up=1 delayedStart=false
2025-07-31 10:55:51,071 INFO o.a.j.t.ThreadGroup: Started thread group number 2
2025-07-31 10:55:51,071 INFO o.a.j.e.StandardJMeterEngine: All thread groups have been started
2025-07-31 10:55:51,081 INFO o.a.j.t.JMeterThread: Thread started: Thread Group 1-4
2025-07-31 10:55:51,082 INFO o.a.j.t.JMeterThread: Thread started: Thread Group 1-8
2025-07-31 10:55:51,084 INFO o.a.j.t.JMeterThread: Thread started: Thread Group 2-1
2025-07-31 10:55:51,086 INFO o.a.j.t.JMeterThread: Thread started: Thread Group 1-5
2025-07-31 10:55:51,089 INFO o.a.j.t.JMeterThread: Thread started: Thread Group 1-10
2025-07-31 10:55:51,091 INFO o.a.j.t.JMeterThread: Thread started: Thread Group 1-9
2025-07-31 10:55:51,096 INFO o.a.j.t.JMeterThread: Thread started: Thread Group 1-6
2025-07-31 10:55:51,107 INFO o.a.j.t.JMeterThread: Thread started: Thread Group 1-1
2025-07-31 10:55:51,174 INFO o.a.j.t.JMeterThread: Thread started: Thread Group 1-2
2025-07-31 10:55:51,185 INFO o.a.j.t.JMeterThread: Thread started: Thread Group 1-7
2025-07-31 10:55:51,191 INFO o.a.j.t.JMeterThread: Thread started: Thread Group 1-3
2025-07-31 10:55:51,469 INFO o.a.j.t.JMeterThread: Thread is done: Thread Group 2-1
2025-07-31 10:55:51,469 INFO o.a.j.t.JMeterThread: Thread finished: Thread Group 2-1
2025-07-31 10:56:00,805 INFO o.a.j.t.JMeterThread: Thread is done: Thread Group 1-7
2025-07-31 10:56:00,806 INFO o.a.j.t.JMeterThread: Thread finished: Thread Group 1-7
2025-07-31 10:56:00,908 INFO o.a.j.t.JMeterThread: Thread is done: Thread Group 1-6
2025-07-31 10:56:00,908 INFO o.a.j.t.JMeterThread: Thread finished: Thread Group 1-6
2025-07-31 10:56:01,011 INFO o.a.j.t.JMeterThread: Thread is done: Thread Group 1-3
2025-07-31 10:56:01,011 INFO o.a.j.t.JMeterThread: Thread finished: Thread Group 1-3
2025-07-31 10:56:01,112 INFO o.a.j.t.JMeterThread: Thread is done: Thread Group 1-5
2025-07-31 10:56:01,112 INFO o.a.j.t.JMeterThread: Thread finished: Thread Group 1-5
2025-07-31 10:56:01,215 INFO o.a.j.t.JMeterThread: Thread is done: Thread Group 1-1
2025-07-31 10:56:01,216 INFO o.a.j.t.JMeterThread: Thread finished: Thread Group 1-1
2025-07-31 10:56:01,315 INFO o.a.j.t.JMeterThread: Thread is done: Thread Group 1-4
2025-07-31 10:56:01,315 INFO o.a.j.t.JMeterThread: Thread finished: Thread Group 1-4
2025-07-31 10:56:01,422 INFO o.a.j.t.JMeterThread: Thread is done: Thread Group 1-2
2025-07-31 10:56:01,422 INFO o.a.j.t.JMeterThread: Thread finished: Thread Group 1-2
2025-07-31 10:56:01,522 INFO o.a.j.t.JMeterThread: Thread is done: Thread Group 1-8
2025-07-31 10:56:01,523 INFO o.a.j.t.JMeterThread: Thread finished: Thread Group 1-8
2025-07-31 10:56:01,631 INFO o.a.j.t.JMeterThread: Thread is done: Thread Group 1-9
2025-07-31 10:56:01,631 INFO o.a.j.t.JMeterThread: Thread finished: Thread Group 1-9
2025-07-31 10:56:01,740 INFO o.a.j.t.JMeterThread: Thread is done: Thread Group 1-10
2025-07-31 10:56:01,740 INFO o.a.j.t.JMeterThread: Thread finished: Thread Group 1-10
2025-07-31 10:56:01,741 INFO o.a.j.e.StandardJMeterEngine: Notifying test listeners of end of test
2025-07-31 10:56:01,743 INFO o.a.j.g.u.JMeterMenuBar: setRunning(false, *local*)
2025-07-31 11:01:41,931 INFO o.a.j.e.StandardJMeterEngine: Running the test!
2025-07-31 11:01:41,937 INFO o.a.j.s.SampleEvent: List of sample_variables: []
2025-07-31 11:01:41,942 INFO k.a.j.p.PerfMonCollector: PerfMon metrics will be stored in C:\Users\Mirell\AppData\Local\Temp\perfmon_2892047992253589456.jtl
2025-07-31 11:01:41,952 INFO o.a.j.g.u.JMeterMenuBar: setRunning(true, *local*)
2025-07-31 11:01:41,974 INFO o.a.j.e.StandardJMeterEngine: Starting ThreadGroup: 1 : Thread Group
2025-07-31 11:01:41,974 INFO o.a.j.e.StandardJMeterEngine: Starting 10 threads for group Thread Group.
2025-07-31 11:01:41,974 INFO o.a.j.e.StandardJMeterEngine: Thread will continue on error
2025-07-31 11:01:41,975 INFO o.a.j.t.ThreadGroup: Starting thread group... number=1 threads=10 ramp-up=0 delayedStart=false
2025-07-31 11:01:41,984 INFO o.a.j.t.ThreadGroup: Started thread group number 1
2025-07-31 11:01:41,984 INFO o.a.j.e.StandardJMeterEngine: Starting ThreadGroup: 2 : Thread Group
2025-07-31 11:01:41,984 INFO o.a.j.e.StandardJMeterEngine: Starting 1 threads for group Thread Group.
2025-07-31 11:01:41,985 INFO o.a.j.e.StandardJMeterEngine: Thread will continue on error
2025-07-31 11:01:41,985 INFO o.a.j.t.ThreadGroup: Starting thread group... number=2 threads=1 ramp-up=1 delayedStart=false
2025-07-31 11:01:41,985 INFO o.a.j.t.ThreadGroup: Started thread group number 2
2025-07-31 11:01:41,986 INFO o.a.j.e.StandardJMeterEngine: All thread groups have been started
2025-07-31 11:01:41,988 INFO o.a.j.t.JMeterThread: Thread started: Thread Group 1-2
2025-07-31 11:01:42,008 INFO o.a.j.t.JMeterThread: Thread started: Thread Group 1-1
2025-07-31 11:01:42,021 INFO o.a.j.t.JMeterThread: Thread started: Thread Group 1-3
2025-07-31 11:01:42,029 INFO o.a.j.t.JMeterThread: Thread started: Thread Group 1-4
2025-07-31 11:01:42,046 INFO o.a.j.t.JMeterThread: Thread started: Thread Group 1-5
2025-07-31 11:01:42,053 INFO o.a.j.t.JMeterThread: Thread started: Thread Group 1-6
2025-07-31 11:01:42,060 INFO o.a.j.t.JMeterThread: Thread started: Thread Group 1-7
2025-07-31 11:01:42,069 INFO o.a.j.t.JMeterThread: Thread started: Thread Group 1-8
2025-07-31 11:01:42,075 INFO o.a.j.t.JMeterThread: Thread started: Thread Group 1-9
2025-07-31 11:01:42,081 INFO o.a.j.t.JMeterThread: Thread started: Thread Group 1-10
2025-07-31 11:01:42,089 INFO o.a.j.t.JMeterThread: Thread started: Thread Group 2-1
2025-07-31 11:01:43,186 INFO o.a.j.t.JMeterThread: Thread is done: Thread Group 2-1
2025-07-31 11:01:43,187 INFO o.a.j.t.JMeterThread: Thread finished: Thread Group 2-1
2025-07-31 11:01:51,593 INFO o.a.j.t.JMeterThread: Thread is done: Thread Group 1-8
2025-07-31 11:01:51,594 INFO o.a.j.t.JMeterThread: Thread finished: Thread Group 1-8
2025-07-31 11:01:51,698 INFO o.a.j.t.JMeterThread: Thread is done: Thread Group 1-2
2025-07-31 11:01:51,698 INFO o.a.j.t.JMeterThread: Thread finished: Thread Group 1-2
2025-07-31 11:01:51,797 INFO o.a.j.t.JMeterThread: Thread is done: Thread Group 1-1
2025-07-31 11:01:51,798 INFO o.a.j.t.JMeterThread: Thread finished: Thread Group 1-1
2025-07-31 11:01:51,898 INFO o.a.j.t.JMeterThread: Thread is done: Thread Group 1-3
2025-07-31 11:01:51,899 INFO o.a.j.t.JMeterThread: Thread finished: Thread Group 1-3
2025-07-31 11:01:52,005 INFO o.a.j.t.JMeterThread: Thread is done: Thread Group 1-4
2025-07-31 11:01:52,005 INFO o.a.j.t.JMeterThread: Thread finished: Thread Group 1-4
2025-07-31 11:01:52,119 INFO o.a.j.t.JMeterThread: Thread is done: Thread Group 1-5
2025-07-31 11:01:52,120 INFO o.a.j.t.JMeterThread: Thread finished: Thread Group 1-5
2025-07-31 11:01:52,230 INFO o.a.j.t.JMeterThread: Thread is done: Thread Group 1-6
2025-07-31 11:01:52,230 INFO o.a.j.t.JMeterThread: Thread finished: Thread Group 1-6
2025-07-31 11:01:52,328 INFO o.a.j.t.JMeterThread: Thread is done: Thread Group 1-7
2025-07-31 11:01:52,328 INFO o.a.j.t.JMeterThread: Thread finished: Thread Group 1-7
2025-07-31 11:01:52,435 INFO o.a.j.t.JMeterThread: Thread is done: Thread Group 1-9
2025-07-31 11:01:52,436 INFO o.a.j.t.JMeterThread: Thread finished: Thread Group 1-9
2025-07-31 11:01:52,542 INFO o.a.j.t.JMeterThread: Thread is done: Thread Group 1-10
2025-07-31 11:01:52,542 INFO o.a.j.t.JMeterThread: Thread finished: Thread Group 1-10
2025-07-31 11:01:52,543 INFO o.a.j.e.StandardJMeterEngine: Notifying test listeners of end of test
2025-07-31 11:01:52,544 INFO o.a.j.g.u.JMeterMenuBar: setRunning(false, *local*)
2025-07-31 11:05:31,444 INFO o.a.j.e.StandardJMeterEngine: Running the test!
2025-07-31 11:05:31,445 INFO o.a.j.s.SampleEvent: List of sample_variables: []
2025-07-31 11:05:31,448 INFO k.a.j.p.PerfMonCollector: PerfMon metrics will be stored in C:\Users\Mirell\AppData\Local\Temp\perfmon_3730193117678659121.jtl
2025-07-31 11:05:31,457 INFO o.a.j.g.u.JMeterMenuBar: setRunning(true, *local*)
2025-07-31 11:05:31,701 INFO o.a.j.e.StandardJMeterEngine: Starting ThreadGroup: 1 : Thread Group
2025-07-31 11:05:31,702 INFO o.a.j.e.StandardJMeterEngine: Starting 10 threads for group Thread Group.
2025-07-31 11:05:31,702 INFO o.a.j.e.StandardJMeterEngine: Thread will continue on error
2025-07-31 11:05:31,702 INFO o.a.j.t.ThreadGroup: Starting thread group... number=1 threads=10 ramp-up=0 delayedStart=false
2025-07-31 11:05:31,709 INFO o.a.j.t.ThreadGroup: Started thread group number 1
2025-07-31 11:05:31,709 INFO o.a.j.e.StandardJMeterEngine: Starting ThreadGroup: 2 : Thread Group
2025-07-31 11:05:31,710 INFO o.a.j.e.StandardJMeterEngine: Starting 1 threads for group Thread Group.
2025-07-31 11:05:31,710 INFO o.a.j.e.StandardJMeterEngine: Thread will continue on error
2025-07-31 11:05:31,710 INFO o.a.j.t.ThreadGroup: Starting thread group... number=2 threads=1 ramp-up=1 delayedStart=false
2025-07-31 11:05:31,711 INFO o.a.j.t.ThreadGroup: Started thread group number 2
2025-07-31 11:05:31,712 INFO o.a.j.e.StandardJMeterEngine: All thread groups have been started
2025-07-31 11:05:31,714 INFO o.a.j.t.JMeterThread: Thread started: Thread Group 1-1
2025-07-31 11:05:31,740 INFO o.a.j.t.JMeterThread: Thread started: Thread Group 1-2
2025-07-31 11:05:31,747 INFO o.a.j.t.JMeterThread: Thread started: Thread Group 1-3
2025-07-31 11:05:31,761 INFO o.a.j.t.JMeterThread: Thread started: Thread Group 1-4
2025-07-31 11:05:31,769 INFO o.a.j.t.JMeterThread: Thread started: Thread Group 1-5
2025-07-31 11:05:31,779 INFO o.a.j.t.JMeterThread: Thread started: Thread Group 1-6
2025-07-31 11:05:31,791 INFO o.a.j.t.JMeterThread: Thread started: Thread Group 1-7
2025-07-31 11:05:31,799 INFO o.a.j.t.JMeterThread: Thread started: Thread Group 1-8
2025-07-31 11:05:31,810 INFO o.a.j.t.JMeterThread: Thread started: Thread Group 1-9
2025-07-31 11:05:31,818 INFO o.a.j.t.JMeterThread: Thread started: Thread Group 1-10
2025-07-31 11:05:31,832 INFO o.a.j.t.JMeterThread: Thread started: Thread Group 2-1
2025-07-31 11:05:33,225 INFO o.a.j.t.JMeterThread: Thread is done: Thread Group 2-1
2025-07-31 11:05:33,226 INFO o.a.j.t.JMeterThread: Thread finished: Thread Group 2-1
2025-07-31 11:05:41,138 INFO o.a.j.t.JMeterThread: Thread is done: Thread Group 1-1
2025-07-31 11:05:41,139 INFO o.a.j.t.JMeterThread: Thread finished: Thread Group 1-1
2025-07-31 11:05:41,450 INFO o.a.j.t.JMeterThread: Thread is done: Thread Group 1-6
2025-07-31 11:05:41,450 INFO o.a.j.t.JMeterThread: Thread finished: Thread Group 1-6
2025-07-31 11:05:41,586 INFO o.a.j.t.JMeterThread: Thread is done: Thread Group 1-3
2025-07-31 11:05:41,586 INFO o.a.j.t.JMeterThread: Thread finished: Thread Group 1-3
2025-07-31 11:05:41,848 INFO o.a.j.t.JMeterThread: Thread is done: Thread Group 1-4
2025-07-31 11:05:41,848 INFO o.a.j.t.JMeterThread: Thread finished: Thread Group 1-4
2025-07-31 11:05:41,960 INFO o.a.j.t.JMeterThread: Thread is done: Thread Group 1-9
2025-07-31 11:05:41,960 INFO o.a.j.t.JMeterThread: Thread finished: Thread Group 1-9
2025-07-31 11:05:42,062 INFO o.a.j.t.JMeterThread: Thread is done: Thread Group 1-5
2025-07-31 11:05:42,062 INFO o.a.j.t.JMeterThread: Thread finished: Thread Group 1-5
2025-07-31 11:05:42,170 INFO o.a.j.t.JMeterThread: Thread is done: Thread Group 1-8
2025-07-31 11:05:42,170 INFO o.a.j.t.JMeterThread: Thread finished: Thread Group 1-8
2025-07-31 11:05:42,310 INFO o.a.j.t.JMeterThread: Thread is done: Thread Group 1-2
2025-07-31 11:05:42,310 INFO o.a.j.t.JMeterThread: Thread finished: Thread Group 1-2
2025-07-31 11:05:42,424 INFO o.a.j.t.JMeterThread: Thread is done: Thread Group 1-7
2025-07-31 11:05:42,424 INFO o.a.j.t.JMeterThread: Thread finished: Thread Group 1-7
2025-07-31 11:05:42,524 INFO o.a.j.t.JMeterThread: Thread is done: Thread Group 1-10
2025-07-31 11:05:42,524 INFO o.a.j.t.JMeterThread: Thread finished: Thread Group 1-10
2025-07-31 11:05:42,525 INFO o.a.j.e.StandardJMeterEngine: Notifying test listeners of end of test
2025-07-31 11:05:42,527 INFO o.a.j.g.u.JMeterMenuBar: setRunning(false, *local*)
2025-07-31 11:06:59,498 INFO o.a.j.s.FileServer: Set new base='C:\a\desempenho-pcc\imagens cpu e memoria'
